<?xml version="1.0" encoding="UTF-8"?>
<testng-results ignored="0" total="1" passed="1" failed="0" skipped="0">
  <reporter-output>
  </reporter-output>
  <suite started-at="2025-07-14T21:13:35 IST" name="Default suite" finished-at="2025-07-14T21:14:18 IST" duration-ms="42319">
    <groups>
    </groups>
    <test started-at="2025-07-14T21:13:35 IST" name="Default test" finished-at="2025-07-14T21:14:18 IST" duration-ms="42319">
      <class name="ProductDetailsTC">
        <test-method is-config="true" signature="setup()[pri:0, instance:ProductDetailsTC@909217e]" started-at="2025-07-14T21:13:35 IST" name="setup" finished-at="2025-07-14T21:13:52 IST" duration-ms="16186" status="PASS">
          <reporter-output>
          </reporter-output>
        </test-method> <!-- setup -->
        <test-method signature="BaseTest(java.lang.String,java.lang.String)[pri:0, instance:ProductDetailsTC@909217e]" started-at="2025-07-14T21:13:54 IST" name="BaseTest" data-provider="loginData" finished-at="2025-07-14T21:14:17 IST" duration-ms="23628" status="PASS">
          <params>
            <param index="0">
              <value>
                <![CDATA[prabhat9759@gmail.com]]>
              </value>
            </param>
            <param index="1">
              <value>
                <![CDATA[Test@123]]>
              </value>
            </param>
          </params>
          <reporter-output>
          </reporter-output>
        </test-method> <!-- BaseTest -->
        <test-method is-config="true" signature="tearDown()[pri:0, instance:ProductDetailsTC@909217e]" started-at="2025-07-14T21:14:17 IST" name="tearDown" finished-at="2025-07-14T21:14:18 IST" duration-ms="388" status="PASS">
          <reporter-output>
          </reporter-output>
        </test-method> <!-- tearDown -->
      </class> <!-- ProductDetailsTC -->
    </test> <!-- Default test -->
  </suite> <!-- Default suite -->
</testng-results>
