<?xml version="1.0" encoding="UTF-8"?>
<testng-results ignored="0" total="1" passed="1" failed="0" skipped="0">
  <reporter-output>
  </reporter-output>
  <suite started-at="2025-07-08T20:16:53 IST" name="Default suite" finished-at="2025-07-08T20:17:18 IST" duration-ms="25328">
    <groups>
    </groups>
    <test started-at="2025-07-08T20:16:53 IST" name="Default test" finished-at="2025-07-08T20:17:18 IST" duration-ms="25328">
      <class name="ProductDetailsTC">
        <test-method is-config="true" signature="setup()[pri:0, instance:ProductDetailsTC@350aac89]" started-at="2025-07-08T20:16:53 IST" name="setup" finished-at="2025-07-08T20:17:00 IST" duration-ms="7046" status="PASS">
          <reporter-output>
          </reporter-output>
        </test-method> <!-- setup -->
        <test-method signature="BaseTest()[pri:0, instance:ProductDetailsTC@350aac89]" started-at="2025-07-08T20:17:00 IST" name="BaseTest" finished-at="2025-07-08T20:17:17 IST" duration-ms="17850" status="PASS">
          <reporter-output>
          </reporter-output>
        </test-method> <!-- BaseTest -->
        <test-method is-config="true" signature="tearDown()[pri:0, instance:ProductDetailsTC@350aac89]" started-at="2025-07-08T20:17:17 IST" name="tearDown" finished-at="2025-07-08T20:17:18 IST" duration-ms="363" status="PASS">
          <reporter-output>
          </reporter-output>
        </test-method> <!-- tearDown -->
      </class> <!-- ProductDetailsTC -->
    </test> <!-- Default test -->
  </suite> <!-- Default suite -->
</testng-results>
